{"/Users/clinton/Repo_Git_DX/rts/src/index.ts": {"path":"/Users/clinton/Repo_Git_DX/rts/src/index.ts","statementMap":{"0":{"start":{"line":1,"column":0},"end":{"line":1,"column":35}}},"fnMap":{},"branchMap":{},"s":{"0":1},"f":{},"b":{}}
,"/Users/clinton/Repo_Git_DX/rts/src/modules/provider.ts": {"path":"/Users/clinton/Repo_Git_DX/rts/src/modules/provider.ts","statementMap":{"0":{"start":{"line":1,"column":0},"end":{"line":1,"column":48}},"1":{"start":{"line":2,"column":0},"end":{"line":2,"column":25}},"2":{"start":{"line":4,"column":0},"end":{"line":4,"column":13}},"3":{"start":{"line":6,"column":2},"end":{"line":6,"column":21}},"4":{"start":{"line":10,"column":9},"end":{"line":12,"column":null}},"5":{"start":{"line":11,"column":4},"end":{"line":11,"column":21}},"6":{"start":{"line":14,"column":9},"end":{"line":16,"column":null}},"7":{"start":{"line":15,"column":4},"end":{"line":15,"column":39}},"8":{"start":{"line":18,"column":9},"end":{"line":20,"column":null}},"9":{"start":{"line":19,"column":4},"end":{"line":19,"column":39}},"10":{"start":{"line":22,"column":9},"end":{"line":40,"column":null}},"11":{"start":{"line":22,"column":2},"end":{"line":22,"column":9}},"12":{"start":{"line":23,"column":4},"end":{"line":39,"column":7}},"13":{"start":{"line":24,"column":6},"end":{"line":24,"column":37}},"14":{"start":{"line":25,"column":6},"end":{"line":25,"column":null}},"15":{"start":{"line":26,"column":6},"end":{"line":26,"column":null}},"16":{"start":{"line":27,"column":6},"end":{"line":38,"column":null}},"17":{"start":{"line":28,"column":8},"end":{"line":37,"column":null}},"18":{"start":{"line":29,"column":10},"end":{"line":29,"column":94}},"19":{"start":{"line":30,"column":19},"end":{"line":30,"column":37}},"20":{"start":{"line":31,"column":15},"end":{"line":37,"column":null}},"21":{"start":{"line":32,"column":10},"end":{"line":32,"column":130}},"22":{"start":{"line":33,"column":19},"end":{"line":33,"column":37}},"23":{"start":{"line":34,"column":15},"end":{"line":37,"column":null}},"24":{"start":{"line":35,"column":10},"end":{"line":35,"column":116}},"25":{"start":{"line":36,"column":10},"end":{"line":36,"column":32}},"26":{"start":{"line":42,"column":9},"end":{"line":44,"column":null}},"27":{"start":{"line":43,"column":4},"end":{"line":43,"column":40}},"28":{"start":{"line":46,"column":9},"end":{"line":48,"column":null}},"29":{"start":{"line":47,"column":4},"end":{"line":47,"column":37}},"30":{"start":{"line":54,"column":9},"end":{"line":56,"column":null}},"31":{"start":{"line":55,"column":4},"end":{"line":55,"column":82}},"32":{"start":{"line":58,"column":9},"end":{"line":60,"column":null}},"33":{"start":{"line":59,"column":4},"end":{"line":59,"column":48}},"34":{"start":{"line":63,"column":0},"end":{"line":63,"column":null}},"35":{"start":{"line":4,"column":13},"end":{"line":4,"column":21}}},"fnMap":{"0":{"name":"(anonymous_6)","decl":{"start":{"line":4,"column":0},"end":{"line":4,"column":13}},"loc":{"start":{"line":4,"column":0},"end":{"line":63,"column":null}}},"1":{"name":"(anonymous_8)","decl":{"start":{"line":10,"column":2},"end":{"line":10,"column":9}},"loc":{"start":{"line":10,"column":2},"end":{"line":12,"column":3}}},"2":{"name":"(anonymous_9)","decl":{"start":{"line":14,"column":2},"end":{"line":14,"column":9}},"loc":{"start":{"line":14,"column":44},"end":{"line":16,"column":3}}},"3":{"name":"(anonymous_10)","decl":{"start":{"line":18,"column":2},"end":{"line":18,"column":9}},"loc":{"start":{"line":18,"column":59},"end":{"line":20,"column":3}}},"4":{"name":"(anonymous_11)","decl":{"start":{"line":22,"column":2},"end":{"line":22,"column":9}},"loc":{"start":{"line":22,"column":2},"end":{"line":40,"column":3}}},"5":{"name":"(anonymous_12)","decl":{"start":{"line":23,"column":22},"end":{"line":23,"column":23}},"loc":{"start":{"line":23,"column":37},"end":{"line":39,"column":5}}},"6":{"name":"(anonymous_13)","decl":{"start":{"line":27,"column":37},"end":{"line":27,"column":38}},"loc":{"start":{"line":27,"column":59},"end":{"line":38,"column":7}}},"7":{"name":"(anonymous_14)","decl":{"start":{"line":42,"column":2},"end":{"line":42,"column":9}},"loc":{"start":{"line":42,"column":2},"end":{"line":44,"column":3}}},"8":{"name":"(anonymous_15)","decl":{"start":{"line":46,"column":2},"end":{"line":46,"column":9}},"loc":{"start":{"line":46,"column":2},"end":{"line":48,"column":3}}},"9":{"name":"(anonymous_16)","decl":{"start":{"line":54,"column":2},"end":{"line":54,"column":9}},"loc":{"start":{"line":54,"column":73},"end":{"line":56,"column":3}}},"10":{"name":"(anonymous_17)","decl":{"start":{"line":58,"column":2},"end":{"line":58,"column":9}},"loc":{"start":{"line":58,"column":2},"end":{"line":60,"column":3}}}},"branchMap":{"0":{"loc":{"start":{"line":28,"column":8},"end":{"line":37,"column":null}},"type":"if","locations":[{"start":{"line":28,"column":8},"end":{"line":37,"column":null}},{"start":{"line":28,"column":8},"end":{"line":37,"column":null}}]},"1":{"loc":{"start":{"line":31,"column":15},"end":{"line":37,"column":null}},"type":"if","locations":[{"start":{"line":31,"column":15},"end":{"line":37,"column":null}},{"start":{"line":31,"column":15},"end":{"line":37,"column":null}}]},"2":{"loc":{"start":{"line":34,"column":15},"end":{"line":37,"column":null}},"type":"if","locations":[{"start":{"line":34,"column":15},"end":{"line":37,"column":null}},{"start":{"line":34,"column":15},"end":{"line":37,"column":null}}]}},"s":{"0":1,"1":1,"2":1,"3":1,"4":1,"5":1,"6":1,"7":0,"8":1,"9":0,"10":1,"11":0,"12":0,"13":0,"14":0,"15":0,"16":0,"17":0,"18":0,"19":0,"20":0,"21":0,"22":0,"23":0,"24":0,"25":0,"26":1,"27":0,"28":1,"29":0,"30":1,"31":0,"32":1,"33":0,"34":1,"35":1},"f":{"0":2,"1":1,"2":0,"3":0,"4":0,"5":0,"6":0,"7":0,"8":0,"9":0,"10":0},"b":{"0":[0,0],"1":[0,0],"2":[0,0]}}
}
