TN:
SF:src/index.ts
FNF:0
FNH:0
DA:1,1
LF:1
LH:1
BRF:0
BRH:0
end_of_record
TN:
SF:src/modules/provider.ts
FN:4,(anonymous_6)
FN:10,(anonymous_8)
FN:14,(anonymous_9)
FN:18,(anonymous_10)
FN:22,(anonymous_11)
FN:23,(anonymous_12)
FN:27,(anonymous_13)
FN:42,(anonymous_14)
FN:46,(anonymous_15)
FN:54,(anonymous_16)
FN:58,(anonymous_17)
FNF:11
FNH:2
FNDA:2,(anonymous_6)
FNDA:1,(anonymous_8)
FNDA:0,(anonymous_9)
FNDA:0,(anonymous_10)
FNDA:0,(anonymous_11)
FNDA:0,(anonymous_12)
FNDA:0,(anonymous_13)
FNDA:0,(anonymous_14)
FNDA:0,(anonymous_15)
FNDA:0,(anonymous_16)
FNDA:0,(anonymous_17)
DA:1,1
DA:2,1
DA:4,1
DA:6,1
DA:10,1
DA:11,1
DA:14,1
DA:15,0
DA:18,1
DA:19,0
DA:22,1
DA:23,0
DA:24,0
DA:25,0
DA:26,0
DA:27,0
DA:28,0
DA:29,0
DA:30,0
DA:31,0
DA:32,0
DA:33,0
DA:34,0
DA:35,0
DA:36,0
DA:42,1
DA:43,0
DA:46,1
DA:47,0
DA:54,1
DA:55,0
DA:58,1
DA:59,0
DA:63,1
LF:34
LH:14
BRDA:28,0,0,0
BRDA:28,0,1,0
BRDA:31,1,0,0
BRDA:31,1,1,0
BRDA:34,2,0,0
BRDA:34,2,1,0
BRF:6
BRH:0
end_of_record
